<?xml version="1.0" encoding="UTF-8"?>
<!-- Generated by org.testng.reporters.JUnitReportReporter -->
<testsuite hostname="Srinivasans-MacBook-Pro.local" name="com.srinimarva.testlab.SampleTest" tests="1" failures="0" timestamp="25 Jul 2016 14:54:18 GMT" time="4.761" errors="0">
  <testcase name="printTitle" time="4.761" classname="com.srinimarva.testlab.SampleTest"/>
</testsuite> <!-- com.srinimarva.testlab.SampleTest -->
